<?xml version="1.0" encoding="UTF-8"?>
<!-- Generated by org.testng.reporters.JUnitReportReporter -->
<testsuite hostname="DESKTOP-6MCO3NS" failures="0" tests="4" name="com.qa.opencart.tests.AccountsPageTest" time="26.379" errors="0" timestamp="2024-03-14T14:19:58 IST" skipped="0">
  <testcase classname="com.qa.opencart.tests.AccountsPageTest" name="searchProductTest" time="6.717"/>
  <system-out/>
  <testcase classname="com.qa.opencart.tests.AccountsPageTest" name="searchProductTest" time="5.976"/>
  <system-out/>
  <testcase classname="com.qa.opencart.tests.AccountsPageTest" name="searchProductTest" time="6.339"/>
  <system-out/>
  <testcase classname="com.qa.opencart.tests.AccountsPageTest" name="searchProductTest" time="7.347"/>
  <system-out/>
</testsuite> <!-- com.qa.opencart.tests.AccountsPageTest -->
