<?xml version="1.0" encoding="UTF-8"?>
<!-- Generated by org.testng.reporters.JUnitReportReporter -->
<testsuite hostname="DESKTOP-6MCO3NS" failures="0" tests="4" name="com.qa.opencart.tests.LoginPageTest" time="3.177" errors="0" timestamp="2024-03-06T11:38:36 IST" skipped="0">
  <testcase classname="com.qa.opencart.tests.LoginPageTest" name="loginTest" time="2.079"/>
  <system-out/>
  <testcase classname="com.qa.opencart.tests.LoginPageTest" name="loginPageTitleTest" time="0.050"/>
  <system-out/>
  <testcase classname="com.qa.opencart.tests.LoginPageTest" name="loginPageUrlTest" time="0.029"/>
  <system-out/>
  <testcase classname="com.qa.opencart.tests.LoginPageTest" name="forgortPasswordLinkTest" time="1.019"/>
  <system-out/>
</testsuite> <!-- com.qa.opencart.tests.LoginPageTest -->
