<?xml version="1.0" encoding="UTF-8"?>
<!-- Generated by org.testng.reporters.JUnitReportReporter -->
<testsuite hostname="DESKTOP-6MCO3NS" failures="0" tests="4" name="com.qa.opencart.tests.LoginPageTest" time="4.253" errors="0" timestamp="2024-03-11T15:28:11 IST" skipped="0">
  <testcase classname="com.qa.opencart.tests.LoginPageTest" name="loginPageTitleTest" time="0.249"/>
  <system-out/>
  <testcase classname="com.qa.opencart.tests.LoginPageTest" name="loginPageUrlTest" time="0.046"/>
  <system-out/>
  <testcase classname="com.qa.opencart.tests.LoginPageTest" name="forgortPasswordLinkTest" time="0.179"/>
  <system-out/>
  <testcase classname="com.qa.opencart.tests.LoginPageTest" name="loginTest" time="3.779"/>
  <system-out/>
</testsuite> <!-- com.qa.opencart.tests.LoginPageTest -->
